Determining if the include file pthread.h exists passed with the following output:
Change Dir: /home/jacketsj/projects/RaylibErosionStandalone/bin/CMakeFiles/CMakeTmp

Run Build Command:"/usr/bin/make" "cmTC_f0818/fast"
/usr/bin/make -f CMakeFiles/cmTC_f0818.dir/build.make CMakeFiles/cmTC_f0818.dir/build
make[1]: Entering directory '/home/jacketsj/projects/RaylibErosionStandalone/bin/CMakeFiles/CMakeTmp'
Building C object CMakeFiles/cmTC_f0818.dir/CheckIncludeFile.c.o
/usr/bin/cc    -o CMakeFiles/cmTC_f0818.dir/CheckIncludeFile.c.o   -c /home/jacketsj/projects/RaylibErosionStandalone/bin/CMakeFiles/CMakeTmp/CheckIncludeFile.c
Linking C executable cmTC_f0818
/usr/bin/cmake -E cmake_link_script CMakeFiles/cmTC_f0818.dir/link.txt --verbose=1
/usr/bin/cc      CMakeFiles/cmTC_f0818.dir/CheckIncludeFile.c.o  -o cmTC_f0818 
make[1]: Leaving directory '/home/jacketsj/projects/RaylibErosionStandalone/bin/CMakeFiles/CMakeTmp'


Determining if the function pthread_create exists in the pthread passed with the following output:
Change Dir: /home/jacketsj/projects/RaylibErosionStandalone/bin/CMakeFiles/CMakeTmp

Run Build Command:"/usr/bin/make" "cmTC_51547/fast"
/usr/bin/make -f CMakeFiles/cmTC_51547.dir/build.make CMakeFiles/cmTC_51547.dir/build
make[1]: Entering directory '/home/jacketsj/projects/RaylibErosionStandalone/bin/CMakeFiles/CMakeTmp'
Building C object CMakeFiles/cmTC_51547.dir/CheckFunctionExists.c.o
/usr/bin/cc   -DCHECK_FUNCTION_EXISTS=pthread_create   -o CMakeFiles/cmTC_51547.dir/CheckFunctionExists.c.o   -c /usr/share/cmake-3.10/Modules/CheckFunctionExists.c
Linking C executable cmTC_51547
/usr/bin/cmake -E cmake_link_script CMakeFiles/cmTC_51547.dir/link.txt --verbose=1
/usr/bin/cc  -DCHECK_FUNCTION_EXISTS=pthread_create    CMakeFiles/cmTC_51547.dir/CheckFunctionExists.c.o  -o cmTC_51547 -lpthread 
make[1]: Leaving directory '/home/jacketsj/projects/RaylibErosionStandalone/bin/CMakeFiles/CMakeTmp'


Determining if the function XOpenDisplay exists in the /usr/lib/x86_64-linux-gnu/libX11.so;/usr/lib/x86_64-linux-gnu/libXext.so passed with the following output:
Change Dir: /home/jacketsj/projects/RaylibErosionStandalone/bin/CMakeFiles/CMakeTmp

Run Build Command:"/usr/bin/make" "cmTC_3531e/fast"
/usr/bin/make -f CMakeFiles/cmTC_3531e.dir/build.make CMakeFiles/cmTC_3531e.dir/build
make[1]: Entering directory '/home/jacketsj/projects/RaylibErosionStandalone/bin/CMakeFiles/CMakeTmp'
Building C object CMakeFiles/cmTC_3531e.dir/CheckFunctionExists.c.o
/usr/bin/cc   -DCHECK_FUNCTION_EXISTS=XOpenDisplay   -o CMakeFiles/cmTC_3531e.dir/CheckFunctionExists.c.o   -c /usr/share/cmake-3.10/Modules/CheckFunctionExists.c
Linking C executable cmTC_3531e
/usr/bin/cmake -E cmake_link_script CMakeFiles/cmTC_3531e.dir/link.txt --verbose=1
/usr/bin/cc  -DCHECK_FUNCTION_EXISTS=XOpenDisplay    CMakeFiles/cmTC_3531e.dir/CheckFunctionExists.c.o  -o cmTC_3531e /usr/lib/x86_64-linux-gnu/libX11.so /usr/lib/x86_64-linux-gnu/libXext.so 
make[1]: Leaving directory '/home/jacketsj/projects/RaylibErosionStandalone/bin/CMakeFiles/CMakeTmp'


Determining if the function gethostbyname exists passed with the following output:
Change Dir: /home/jacketsj/projects/RaylibErosionStandalone/bin/CMakeFiles/CMakeTmp

Run Build Command:"/usr/bin/make" "cmTC_3cd1c/fast"
/usr/bin/make -f CMakeFiles/cmTC_3cd1c.dir/build.make CMakeFiles/cmTC_3cd1c.dir/build
make[1]: Entering directory '/home/jacketsj/projects/RaylibErosionStandalone/bin/CMakeFiles/CMakeTmp'
Building C object CMakeFiles/cmTC_3cd1c.dir/CheckFunctionExists.c.o
/usr/bin/cc   -DCHECK_FUNCTION_EXISTS=gethostbyname   -o CMakeFiles/cmTC_3cd1c.dir/CheckFunctionExists.c.o   -c /usr/share/cmake-3.10/Modules/CheckFunctionExists.c
Linking C executable cmTC_3cd1c
/usr/bin/cmake -E cmake_link_script CMakeFiles/cmTC_3cd1c.dir/link.txt --verbose=1
/usr/bin/cc  -DCHECK_FUNCTION_EXISTS=gethostbyname    CMakeFiles/cmTC_3cd1c.dir/CheckFunctionExists.c.o  -o cmTC_3cd1c 
make[1]: Leaving directory '/home/jacketsj/projects/RaylibErosionStandalone/bin/CMakeFiles/CMakeTmp'


Determining if the function connect exists passed with the following output:
Change Dir: /home/jacketsj/projects/RaylibErosionStandalone/bin/CMakeFiles/CMakeTmp

Run Build Command:"/usr/bin/make" "cmTC_db073/fast"
/usr/bin/make -f CMakeFiles/cmTC_db073.dir/build.make CMakeFiles/cmTC_db073.dir/build
make[1]: Entering directory '/home/jacketsj/projects/RaylibErosionStandalone/bin/CMakeFiles/CMakeTmp'
Building C object CMakeFiles/cmTC_db073.dir/CheckFunctionExists.c.o
/usr/bin/cc   -DCHECK_FUNCTION_EXISTS=connect   -o CMakeFiles/cmTC_db073.dir/CheckFunctionExists.c.o   -c /usr/share/cmake-3.10/Modules/CheckFunctionExists.c
Linking C executable cmTC_db073
/usr/bin/cmake -E cmake_link_script CMakeFiles/cmTC_db073.dir/link.txt --verbose=1
/usr/bin/cc  -DCHECK_FUNCTION_EXISTS=connect    CMakeFiles/cmTC_db073.dir/CheckFunctionExists.c.o  -o cmTC_db073 
make[1]: Leaving directory '/home/jacketsj/projects/RaylibErosionStandalone/bin/CMakeFiles/CMakeTmp'


Determining if the function remove exists passed with the following output:
Change Dir: /home/jacketsj/projects/RaylibErosionStandalone/bin/CMakeFiles/CMakeTmp

Run Build Command:"/usr/bin/make" "cmTC_e0fe0/fast"
/usr/bin/make -f CMakeFiles/cmTC_e0fe0.dir/build.make CMakeFiles/cmTC_e0fe0.dir/build
make[1]: Entering directory '/home/jacketsj/projects/RaylibErosionStandalone/bin/CMakeFiles/CMakeTmp'
Building C object CMakeFiles/cmTC_e0fe0.dir/CheckFunctionExists.c.o
/usr/bin/cc   -DCHECK_FUNCTION_EXISTS=remove   -o CMakeFiles/cmTC_e0fe0.dir/CheckFunctionExists.c.o   -c /usr/share/cmake-3.10/Modules/CheckFunctionExists.c
Linking C executable cmTC_e0fe0
/usr/bin/cmake -E cmake_link_script CMakeFiles/cmTC_e0fe0.dir/link.txt --verbose=1
/usr/bin/cc  -DCHECK_FUNCTION_EXISTS=remove    CMakeFiles/cmTC_e0fe0.dir/CheckFunctionExists.c.o  -o cmTC_e0fe0 
make[1]: Leaving directory '/home/jacketsj/projects/RaylibErosionStandalone/bin/CMakeFiles/CMakeTmp'


Determining if the function shmat exists passed with the following output:
Change Dir: /home/jacketsj/projects/RaylibErosionStandalone/bin/CMakeFiles/CMakeTmp

Run Build Command:"/usr/bin/make" "cmTC_016c9/fast"
/usr/bin/make -f CMakeFiles/cmTC_016c9.dir/build.make CMakeFiles/cmTC_016c9.dir/build
make[1]: Entering directory '/home/jacketsj/projects/RaylibErosionStandalone/bin/CMakeFiles/CMakeTmp'
Building C object CMakeFiles/cmTC_016c9.dir/CheckFunctionExists.c.o
/usr/bin/cc   -DCHECK_FUNCTION_EXISTS=shmat   -o CMakeFiles/cmTC_016c9.dir/CheckFunctionExists.c.o   -c /usr/share/cmake-3.10/Modules/CheckFunctionExists.c
Linking C executable cmTC_016c9
/usr/bin/cmake -E cmake_link_script CMakeFiles/cmTC_016c9.dir/link.txt --verbose=1
/usr/bin/cc  -DCHECK_FUNCTION_EXISTS=shmat    CMakeFiles/cmTC_016c9.dir/CheckFunctionExists.c.o  -o cmTC_016c9 
make[1]: Leaving directory '/home/jacketsj/projects/RaylibErosionStandalone/bin/CMakeFiles/CMakeTmp'


Determining if the function IceConnectionNumber exists in the ICE passed with the following output:
Change Dir: /home/jacketsj/projects/RaylibErosionStandalone/bin/CMakeFiles/CMakeTmp

Run Build Command:"/usr/bin/make" "cmTC_4e696/fast"
/usr/bin/make -f CMakeFiles/cmTC_4e696.dir/build.make CMakeFiles/cmTC_4e696.dir/build
make[1]: Entering directory '/home/jacketsj/projects/RaylibErosionStandalone/bin/CMakeFiles/CMakeTmp'
Building C object CMakeFiles/cmTC_4e696.dir/CheckFunctionExists.c.o
/usr/bin/cc   -DCHECK_FUNCTION_EXISTS=IceConnectionNumber   -o CMakeFiles/cmTC_4e696.dir/CheckFunctionExists.c.o   -c /usr/share/cmake-3.10/Modules/CheckFunctionExists.c
Linking C executable cmTC_4e696
/usr/bin/cmake -E cmake_link_script CMakeFiles/cmTC_4e696.dir/link.txt --verbose=1
/usr/bin/cc  -DCHECK_FUNCTION_EXISTS=IceConnectionNumber    CMakeFiles/cmTC_4e696.dir/CheckFunctionExists.c.o  -o cmTC_4e696 -lICE 
make[1]: Leaving directory '/home/jacketsj/projects/RaylibErosionStandalone/bin/CMakeFiles/CMakeTmp'


